<?xml version="1.0" encoding="UTF-8"?>
<!-- Generated by org.testng.reporters.JUnitReportReporter -->
<testsuite hostname="chakri" failures="0" tests="4" name="com.DSAlgo.Testcases.LoginTestcase_Tc" time="1.889" errors="0" timestamp="2022-06-27T12:39:57 EDT" skipped="0">
  <testcase classname="com.DSAlgo.Testcases.LoginTestcase_Tc" name="SigninPage" time="0.624"/>
  <system-out/>
  <testcase classname="com.DSAlgo.Testcases.LoginTestcase_Tc" name="SigninPage" time="0.428"/>
  <system-out/>
  <testcase classname="com.DSAlgo.Testcases.LoginTestcase_Tc" name="SigninPage" time="0.431"/>
  <system-out/>
  <testcase classname="com.DSAlgo.Testcases.LoginTestcase_Tc" name="SigninPage" time="0.406"/>
  <system-out/>
</testsuite> <!-- com.DSAlgo.Testcases.LoginTestcase_Tc -->
