<?xml version="1.0" encoding="UTF-8"?>
<!-- Generated by org.testng.reporters.JUnitReportReporter -->
<testsuite hostname="chakri" failures="0" tests="1" name="com.DSAlgo.Testcases.QueueTest" time="7.994" errors="0" timestamp="2022-06-27T01:25:56 EDT" skipped="0">
  <testcase classname="com.DSAlgo.Testcases.QueueTest" name="ClickQueueTest" time="7.994"/>
  <system-out/>
</testsuite> <!-- com.DSAlgo.Testcases.QueueTest -->
