<?xml version="1.0" encoding="UTF-8"?>
<!-- Generated by org.testng.reporters.JUnitReportReporter -->
<testsuite hostname="chakri" failures="0" tests="1" name="com.DSAlgo.Testcases.QueueTest" time="7.064" errors="0" timestamp="2022-06-27T12:39:57 EDT" skipped="0">
  <testcase classname="com.DSAlgo.Testcases.QueueTest" name="ClickQueueTest" time="7.064"/>
  <system-out/>
</testsuite> <!-- com.DSAlgo.Testcases.QueueTest -->
