<?xml version="1.0" encoding="UTF-8"?>
<!-- Generated by org.testng.reporters.JUnitReportReporter -->
<testsuite hostname="chakri" failures="0" tests="4" name="com.DSAlgo.Testcases.LoginTestcase_Tc" time="2.944" errors="0" timestamp="2022-06-27T01:25:56 EDT" skipped="0">
  <testcase classname="com.DSAlgo.Testcases.LoginTestcase_Tc" name="SigninPage" time="0.719"/>
  <system-out/>
  <testcase classname="com.DSAlgo.Testcases.LoginTestcase_Tc" name="SigninPage" time="0.897"/>
  <system-out/>
  <testcase classname="com.DSAlgo.Testcases.LoginTestcase_Tc" name="SigninPage" time="0.669"/>
  <system-out/>
  <testcase classname="com.DSAlgo.Testcases.LoginTestcase_Tc" name="SigninPage" time="0.659"/>
  <system-out/>
</testsuite> <!-- com.DSAlgo.Testcases.LoginTestcase_Tc -->
