<?xml version="1.0" encoding="UTF-8"?>
<!-- Generated by org.testng.reporters.JUnitReportReporter -->
<testsuite hostname="chakri" failures="0" tests="1" name="com.DSAlgo.Testcases.GetStartedPageTest" time="0.683" errors="0" timestamp="2022-06-25T00:59:29 EDT" skipped="0">
  <testcase classname="com.DSAlgo.Testcases.GetStartedPageTest" name="getstarted" time="0.683"/>
  <system-out/>
</testsuite> <!-- com.DSAlgo.Testcases.GetStartedPageTest -->
