<?xml version="1.0" encoding="UTF-8"?>
<!-- Generated by org.testng.reporters.JUnitReportReporter -->
<testsuite hostname="GWTN156-11" failures="0" tests="1" name="com.DSAlgo.Testcases.HomePageTest" time="3.022" errors="0" timestamp="2022-06-18T17:50:48 EDT" skipped="0">
  <testcase classname="com.DSAlgo.Testcases.HomePageTest" name="Login" time="3.022"/>
  <system-out/>
</testsuite> <!-- com.DSAlgo.Testcases.HomePageTest -->
