<?xml version="1.0" encoding="UTF-8"?>
<!-- Generated by org.testng.reporters.JUnitReportReporter -->
<testsuite hostname="chakri" failures="0" tests="1" name="com.DSAlgo.Testcases.HomePageTest" time="0.612" errors="0" timestamp="2022-06-27T01:25:56 EDT" skipped="0">
  <testcase classname="com.DSAlgo.Testcases.HomePageTest" name="SignInTest" time="0.612"/>
  <system-out/>
</testsuite> <!-- com.DSAlgo.Testcases.HomePageTest -->
