<?xml version="1.0" encoding="UTF-8"?>
<!-- Generated by org.testng.reporters.JUnitReportReporter -->
<testsuite hostname="chakri" failures="0" tests="1" name="com.DSAlgo.utilities.XLutils" time="1.767" errors="0" timestamp="2022-06-24T19:23:06 EDT" skipped="0">
  <testcase classname="com.DSAlgo.utilities.XLutils" name="ExcelDataProvider" time="1.767"/>
  <system-out/>
</testsuite> <!-- com.DSAlgo.utilities.XLutils -->
